[debug] [2026-03-22T13:45:39.455Z] ----------------------------------------------------------------------
[debug] [2026-03-22T13:45:39.456Z] Command:       /opt/homebrew/Cellar/node/25.6.1/bin/node /opt/homebrew/bin/firebase init hosting
[debug] [2026-03-22T13:45:39.457Z] CLI Version:   15.6.0
[debug] [2026-03-22T13:45:39.457Z] Platform:      darwin
[debug] [2026-03-22T13:45:39.457Z] Node Version:  v25.6.1
[debug] [2026-03-22T13:45:39.457Z] Time:          Sun Mar 22 2026 14:45:39 GMT+0100 (Central European Standard Time)
[debug] [2026-03-22T13:45:39.457Z] ----------------------------------------------------------------------
[debug] 
[info] 
     ######## #### ########  ######## ########     ###     ######  ########
     ##        ##  ##     ## ##       ##     ##  ##   ##  ##       ##
     ######    ##  ########  ######   ########  #########  ######  ######
     ##        ##  ##    ##  ##       ##     ## ##     ##       ## ##
     ##       #### ##     ## ######## ########  ##     ##  ######  ########

You're about to initialize a Firebase project in this directory:

  /Users/adil/Documents/GitHub/tap-d-webapp

Before we get started, keep in mind:

  * You are initializing within an existing Firebase project directory

[info] 
=== Project Setup
[info] 
[info] First, let's associate this project directory with a Firebase project.
[info] You can create multiple project aliases by running firebase use --add, 
[info] 
[debug] [2026-03-22T13:45:39.995Z] > command requires scopes: ["email","openid","https://www.googleapis.com/auth/cloudplatformprojects.readonly","https://www.googleapis.com/auth/firebase","https://www.googleapis.com/auth/cloud-platform"]
[debug] [2026-03-22T13:45:39.996Z] > authorizing via signed-in user (moumniadil08@gmail.com)
[debug] [2026-03-22T13:45:39.996Z] Checked if tokens are valid: true, expires at: 1774190733859
[debug] [2026-03-22T13:45:39.996Z] Checked if tokens are valid: true, expires at: 1774190733859
[debug] [2026-03-22T13:45:39.996Z] >>> [apiv2][query] GET https://firebase.googleapis.com/v1beta1/projects/tap-d-link [none]
[debug] [2026-03-22T13:45:40.388Z] <<< [apiv2][status] GET https://firebase.googleapis.com/v1beta1/projects/tap-d-link 200
[debug] [2026-03-22T13:45:40.388Z] <<< [apiv2][body] GET https://firebase.googleapis.com/v1beta1/projects/tap-d-link {"projectId":"tap-d-link","projectNumber":"656619466664","displayName":"tap-d-link","name":"projects/tap-d-link","resources":{"hostingSite":"tap-d-link"},"state":"ACTIVE","etag":"1_b309036e-2f74-4297-85d5-b8c4c95b0346"}
[info] i  Using project tap-d-link (tap-d-link) . 
[info] 
=== Hosting Setup
[debug] [2026-03-22T13:45:40.414Z] Checked if tokens are valid: true, expires at: 1774190733859
[debug] [2026-03-22T13:45:40.414Z] Checked if tokens are valid: true, expires at: 1774190733859
[debug] [2026-03-22T13:45:40.414Z] >>> [apiv2][query] GET https://firebase.googleapis.com/v1beta1/projects/tap-d-link [none]
[debug] [2026-03-22T13:45:40.584Z] <<< [apiv2][status] GET https://firebase.googleapis.com/v1beta1/projects/tap-d-link 200
[debug] [2026-03-22T13:45:40.584Z] <<< [apiv2][body] GET https://firebase.googleapis.com/v1beta1/projects/tap-d-link {"projectId":"tap-d-link","projectNumber":"656619466664","displayName":"tap-d-link","name":"projects/tap-d-link","resources":{"hostingSite":"tap-d-link"},"state":"ACTIVE","etag":"1_b309036e-2f74-4297-85d5-b8c4c95b0346"}
[info] 
[info] i  Detected a .git folder at /Users/adil/Documents/GitHub/tap-d-webapp 
[info] i  Authorizing with GitHub to upload your service account to a GitHub repository's secrets store. 
[info] 
[info] Visit this URL on this device to log in:
[info] https://github.com/login/oauth/authorize?client_id=89cf50f02ac6aaed3484&state=991183115&redirect_uri=http%3A%2F%2Flocalhost%3A9005&scope=read%3Auser%20repo%20public_repo
[info] 
[info] Waiting for authentication...
[debug] [2026-03-22T13:46:10.147Z] >>> [apiv2][query] POST https://github.com/login/oauth/access_token [none]
[debug] [2026-03-22T13:46:10.147Z] >>> [apiv2][body] POST https://github.com/login/oauth/access_token [stream]
[debug] [2026-03-22T13:46:11.104Z] <<< [apiv2][status] POST https://github.com/login/oauth/access_token 200
[debug] [2026-03-22T13:46:11.104Z] <<< [apiv2][body] POST https://github.com/login/oauth/access_token {"access_token":"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","token_type":"bearer","scope":"read:user,repo"}
[debug] [2026-03-22T13:46:11.111Z] >>> [apiv2][query] GET https://api.github.com/user [none]
[debug] [2026-03-22T13:46:11.654Z] <<< [apiv2][status] GET https://api.github.com/user 200
[debug] [2026-03-22T13:46:11.654Z] <<< [apiv2][body] GET https://api.github.com/user {"login":"adilmoumni","id":49393758,"node_id":"MDQ6VXNlcjQ5MzkzNzU4","avatar_url":"https://avatars.githubusercontent.com/u/49393758?v=4","gravatar_id":"","url":"https://api.github.com/users/adilmoumni","html_url":"https://github.com/adilmoumni","followers_url":"https://api.github.com/users/adilmoumni/followers","following_url":"https://api.github.com/users/adilmoumni/following{/other_user}","gists_url":"https://api.github.com/users/adilmoumni/gists{/gist_id}","starred_url":"https://api.github.com/users/adilmoumni/starred{/owner}{/repo}","subscriptions_url":"https://api.github.com/users/adilmoumni/subscriptions","organizations_url":"https://api.github.com/users/adilmoumni/orgs","repos_url":"https://api.github.com/users/adilmoumni/repos","events_url":"https://api.github.com/users/adilmoumni/events{/privacy}","received_events_url":"https://api.github.com/users/adilmoumni/received_events","type":"User","user_view_type":"private","site_admin":false,"name":"Adil Moumni Abdou","company":"@www-norma-dev ","blog":"","location":"Paris","email":null,"hireable":null,"bio":null,"twitter_username":null,"notification_email":null,"public_repos":33,"public_gists":0,"followers":52,"following":482,"created_at":"2019-04-08T09:11:08Z","updated_at":"2026-03-16T15:50:55Z","private_gists":3,"total_private_repos":31,"owned_private_repos":31,"disk_usage":1209190,"collaborators":11,"two_factor_authentication":true,"plan":{"name":"free","space":976562499,"collaborators":0,"private_repos":10000}}
[info] 
[info] ✔  Success! Logged into GitHub as adilmoumni 
[info] 
[debug] [2026-03-22T13:46:29.070Z] >>> [apiv2][query] GET https://api.github.com/repos/http://github.com/adilmoumni/tap-d-link/actions/secrets/public-key type=owner
[debug] [2026-03-22T13:46:29.220Z] <<< [apiv2][status] GET https://api.github.com/repos/http://github.com/adilmoumni/tap-d-link/actions/secrets/public-key 404
[debug] [2026-03-22T13:46:29.220Z] <<< [apiv2][body] GET https://api.github.com/repos/http://github.com/adilmoumni/tap-d-link/actions/secrets/public-key {"message":"Not Found","documentation_url":"https://docs.github.com/rest","status":"404"}
[info] 
[info] 
[error] ⚠  The provided authorization cannot be used with this repository. If this repository is in an organization, did you remember to grant access? 
[info] 
[info] i  Action required: Visit this URL to ensure access has been granted to the appropriate organization(s) for the Firebase CLI GitHub OAuth App: 
[info] https://github.com/settings/connections/applications/89cf50f02ac6aaed3484
[info] 
[debug] [2026-03-22T13:46:40.925Z] >>> [apiv2][query] GET https://api.github.com/repos/adilmoumni/tap-d-link/actions/secrets/public-key type=owner
[debug] [2026-03-22T13:46:41.156Z] <<< [apiv2][status] GET https://api.github.com/repos/adilmoumni/tap-d-link/actions/secrets/public-key 404
[debug] [2026-03-22T13:46:41.156Z] <<< [apiv2][body] GET https://api.github.com/repos/adilmoumni/tap-d-link/actions/secrets/public-key {"message":"Not Found","documentation_url":"https://docs.github.com/rest/actions/secrets#get-a-repository-public-key","status":"404"}
[info] 
[info] 
[error] ⚠  The provided authorization cannot be used with this repository. If this repository is in an organization, did you remember to grant access? 
[info] 
[info] i  Action required: Visit this URL to ensure access has been granted to the appropriate organization(s) for the Firebase CLI GitHub OAuth App: 
[info] https://github.com/settings/connections/applications/89cf50f02ac6aaed3484
[info] 
